<?xml version="1.0" encoding="UTF-8"?>
<!-- Generated by org.testng.reporters.JUnitReportReporter -->
<testsuite hostname="5nroor063" failures="0" tests="1" name="tests.XpathExample" time="0.129" errors="0" timestamp="2024-06-03T20:39:04 OESZ" skipped="0">
  <testcase classname="tests.XpathExample" name="xpatheExample" time="0.129"/>
  <system-out/>
</testsuite> <!-- tests.XpathExample -->
