<?xml version="1.0" encoding="UTF-8"?>
<!-- Generated by org.testng.reporters.JUnitReportReporter -->
<testsuite hostname="5nroor063" failures="0" tests="2" name="tests.ShoppingAddressPageTest" time="15.264" errors="0" timestamp="2024-06-09T18:53:17 MESZ" skipped="0">
  <testcase classname="tests.ShoppingAddressPageTest" name="validLoginTest" time="2.087"/>
  <system-out/>
  <testcase classname="tests.ShoppingAddressPageTest" name="shippingTest" time="13.177"/>
  <system-out/>
</testsuite> <!-- tests.ShoppingAddressPageTest -->
