<?xml version="1.0" encoding="UTF-8"?>
<!-- Generated by org.testng.reporters.JUnitReportReporter -->
<testsuite hostname="5nroor063" failures="0" tests="1" name="tests.LoginTest" time="1.521" errors="0" timestamp="2024-05-27T21:31:41 OESZ" skipped="0">
  <testcase classname="tests.LoginTest" name="validLoginTest" time="1.521"/>
  <system-out/>
</testsuite> <!-- tests.LoginTest -->
