<?xml version="1.0" encoding="UTF-8"?>
<!-- Generated by org.testng.reporters.JUnitReportReporter -->
<testsuite hostname="5nroor063" failures="0" tests="1" name="tests.ContactFormTest" time="4.482" errors="0" timestamp="2024-05-29T21:30:26 OESZ" skipped="0">
  <testcase classname="tests.ContactFormTest" name="sendMessageTest" time="4.482"/>
  <system-out/>
</testsuite> <!-- tests.ContactFormTest -->
