<?xml version="1.0" encoding="UTF-8"?>
<!-- Generated by org.testng.reporters.JUnitReportReporter -->
<testsuite hostname="5nroor063" failures="0" tests="1" name="tests.LoginTestHomework" time="6.132" errors="0" timestamp="2024-06-09T15:28:18 MESZ" skipped="0">
  <testcase classname="tests.LoginTestHomework" name="validLoginTest" time="6.132"/>
  <system-out/>
</testsuite> <!-- tests.LoginTestHomework -->
