<?xml version="1.0" encoding="UTF-8"?>
<!-- Generated by org.testng.reporters.JUnitReportReporter -->
<testsuite hostname="5nroor063" failures="0" tests="2" name="tests.CookiesLogin" time="24.572" errors="0" timestamp="2024-06-27T20:18:58 OESZ" skipped="0">
  <testcase classname="tests.CookiesLogin" name="validLoginTest" time="9.745"/>
  <system-out/>
  <testcase classname="tests.CookiesLogin" name="cookieLogin" time="14.827"/>
  <system-out/>
</testsuite> <!-- tests.CookiesLogin -->
