<?xml version="1.0" encoding="UTF-8"?>
<!-- Generated by org.testng.reporters.JUnitReportReporter -->
<testsuite hostname="5nroor063" failures="0" tests="1" name="tests.JavaScriptExecutorTest" time="2.112" errors="0" timestamp="2024-06-18T21:13:45 MESZ" skipped="0">
  <testcase classname="tests.JavaScriptExecutorTest" name="example2" time="2.112"/>
  <system-out/>
</testsuite> <!-- tests.JavaScriptExecutorTest -->
