<?xml version="1.0" encoding="UTF-8"?>
<!-- Generated by org.testng.reporters.JUnitReportReporter -->
<testsuite hostname="5nroor063" failures="0" tests="1" name="tests.JavaScriptExecutorTest" time="0.081" errors="0" timestamp="2024-06-12T20:31:52 MESZ" skipped="0">
  <testcase classname="tests.JavaScriptExecutorTest" name="example3" time="0.081"/>
  <system-out/>
</testsuite> <!-- tests.JavaScriptExecutorTest -->
