<?xml version="1.0" encoding="UTF-8"?>
<!-- Generated by org.testng.reporters.JUnitReportReporter -->
<testsuite hostname="5nroor063" failures="0" tests="1" name="tests.DropDown2" time="1.450" errors="0" timestamp="2024-06-12T07:34:36 MESZ" skipped="0">
  <testcase classname="tests.DropDown2" name="selectByValueIndex" time="1.450"/>
  <system-out/>
</testsuite> <!-- tests.DropDown2 -->
