<?xml version="1.0" encoding="UTF-8"?>
<!-- Generated by org.testng.reporters.JUnitReportReporter -->
<testsuite hostname="5nroor063" failures="0" tests="1" name="tests.IframeExample" time="4.627" errors="0" timestamp="2024-06-19T20:03:54 MESZ" skipped="0">
  <testcase classname="tests.IframeExample" name="iframeExampleTest" time="4.627"/>
  <system-out/>
</testsuite> <!-- tests.IframeExample -->
