<?xml version="1.0" encoding="UTF-8"?>
<!-- Generated by org.testng.reporters.JUnitReportReporter -->
<testsuite hostname="5nroor063" failures="0" tests="1" name="tests.SearchFieldTest" time="17.659" errors="0" timestamp="2024-06-09T15:10:21 MESZ" skipped="0">
  <testcase classname="tests.SearchFieldTest" name="searchBook" time="17.659"/>
  <system-out/>
</testsuite> <!-- tests.SearchFieldTest -->
