<?xml version="1.0" encoding="UTF-8"?>
<!-- Generated by org.testng.reporters.JUnitReportReporter -->
<testsuite hostname="5nroor063" failures="0" tests="1" name="tests.BlogPageTest" time="4.781" errors="0" timestamp="2024-06-09T19:44:31 MESZ" skipped="0">
  <testcase classname="tests.BlogPageTest" name="hoverExample" time="4.781"/>
  <system-out/>
</testsuite> <!-- tests.BlogPageTest -->
