<?xml version="1.0" encoding="UTF-8"?>
<!-- Generated by org.testng.reporters.JUnitReportReporter -->
<testsuite hostname="5nroor063" failures="0" tests="2" name="tests.LoginTest" time="6.128" errors="0" timestamp="2024-06-09T15:18:08 MESZ" skipped="0">
  <testcase classname="tests.LoginTest" name="validLoginTest" time="5.151"/>
  <system-out/>
  <testcase classname="tests.LoginTest" name="invalidLoginTest" time="0.977"/>
  <system-out/>
</testsuite> <!-- tests.LoginTest -->
