<?xml version="1.0" encoding="UTF-8"?>
<!-- Generated by org.testng.reporters.JUnitReportReporter -->
<testsuite hostname="5nroor063" failures="0" tests="2" name="tests.LoginTest" time="6.354" errors="0" timestamp="2024-05-29T20:50:07 OESZ" skipped="0">
  <testcase classname="tests.LoginTest" name="validLoginTest" time="5.756"/>
  <system-out/>
  <testcase classname="tests.LoginTest" name="invalidLoginTest" time="0.598"/>
  <system-out/>
</testsuite> <!-- tests.LoginTest -->
