<?xml version="1.0" encoding="UTF-8"?>
<!-- Generated by org.testng.reporters.JUnitReportReporter -->
<testsuite hostname="5nroor063" failures="0" tests="2" name="tests.ShippingAddressPageTest" time="7.748" errors="0" timestamp="2024-06-09T18:56:48 MESZ" skipped="0">
  <testcase classname="tests.ShippingAddressPageTest" name="validLoginTest" time="2.294"/>
  <system-out/>
  <testcase classname="tests.ShippingAddressPageTest" name="shippingTest" time="5.454"/>
  <system-out/>
</testsuite> <!-- tests.ShippingAddressPageTest -->
