<?xml version="1.0" encoding="UTF-8"?>
<!-- Generated by org.testng.reporters.JUnitReportReporter -->
<testsuite hostname="5nroor063" failures="0" tests="1" name="tests.DropDown2" time="1.425" errors="0" timestamp="2024-06-18T17:57:52 MESZ" skipped="0">
  <testcase classname="tests.DropDown2" name="selectByValueIndex" time="1.425"/>
  <system-out/>
</testsuite> <!-- tests.DropDown2 -->
