<?xml version="1.0" encoding="UTF-8"?>
<!-- Generated by org.testng.reporters.JUnitReportReporter -->
<testsuite hostname="5nroor063" failures="0" tests="1" name="tests.XpathExample2" time="3.354" errors="0" timestamp="2024-06-05T20:13:34 MESZ" skipped="0">
  <testcase classname="tests.XpathExample2" name="xpathExampleTest" time="3.354"/>
  <system-out/>
</testsuite> <!-- tests.XpathExample2 -->
