<?xml version="1.0" encoding="UTF-8"?>
<!-- Generated by org.testng.reporters.JUnitReportReporter -->
<testsuite hostname="5nroor063" failures="0" tests="4" name="tests.CookiesHandling" time="0.101" errors="0" timestamp="2024-06-27T19:51:48 OESZ" skipped="0">
  <testcase classname="tests.CookiesHandling" name="addCookie" time="0.015"/>
  <system-out/>
  <testcase classname="tests.CookiesHandling" name="getCookieNamed" time="0.037"/>
  <system-out/>
  <testcase classname="tests.CookiesHandling" name="getAllCookies" time="0.026"/>
  <system-out/>
  <testcase classname="tests.CookiesHandling" name="deleteCookieNamed" time="0.023"/>
  <system-out/>
</testsuite> <!-- tests.CookiesHandling -->
