<?xml version="1.0" encoding="UTF-8"?>
<!-- Generated by org.testng.reporters.JUnitReportReporter -->
<testsuite hostname="5nroor063" failures="0" tests="1" name="tests.ActionClassExample2" time="6.159" errors="0" timestamp="2024-06-10T19:29:33 MESZ" skipped="0">
  <testcase classname="tests.ActionClassExample2" name="sendKeysExample2" time="6.159"/>
  <system-out/>
</testsuite> <!-- tests.ActionClassExample2 -->
