<?xml version="1.0" encoding="UTF-8"?>
<!-- Generated by org.testng.reporters.JUnitReportReporter -->
<testsuite hostname="5nroor063" failures="0" tests="1" name="tests.AudioPostPageTest" time="13.157" errors="0" timestamp="2024-06-10T07:42:02 MESZ" skipped="0">
  <testcase classname="tests.AudioPostPageTest" name="dragAndDropAudio" time="13.157"/>
  <system-out/>
</testsuite> <!-- tests.AudioPostPageTest -->
