<?xml version="1.0" encoding="UTF-8"?>
<!-- Generated by org.testng.reporters.JUnitReportReporter -->
<testsuite hostname="5nroor063" failures="0" tests="2" name="tests.XpathExample" time="11.962" errors="0" timestamp="2024-06-05T18:34:35 MESZ" skipped="0">
  <testcase classname="tests.XpathExample" name="xpathExample" time="4.310"/>
  <system-out/>
  <testcase classname="tests.XpathExample" name="xpathExample2" time="7.652"/>
  <system-out/>
</testsuite> <!-- tests.XpathExample -->
