<?xml version="1.0" encoding="UTF-8"?>
<!-- Generated by org.testng.reporters.JUnitReportReporter -->
<testsuite hostname="5nroor063" failures="0" tests="4" name="tests.DataProviderExample" time="14.769" errors="0" timestamp="2024-06-19T11:59:09 MESZ" skipped="0">
  <testcase classname="tests.DataProviderExample" name="loginTest" time="6.948"/>
  <system-out/>
  <testcase classname="tests.DataProviderExample" name="loginTest" time="1.178"/>
  <system-out/>
  <testcase classname="tests.DataProviderExample" name="loginTest" time="1.146"/>
  <system-out/>
  <testcase classname="tests.DataProviderExample" name="loginTest" time="5.497"/>
  <system-out/>
</testsuite> <!-- tests.DataProviderExample -->
