<?xml version="1.0" encoding="UTF-8"?>
<!-- Generated by org.testng.reporters.JUnitReportReporter -->
<testsuite hostname="5nroor063" failures="0" tests="4" name="tests.DataProviderClassHome" time="18.250" errors="0" timestamp="2024-06-27T10:42:58 OESZ" skipped="0">
  <testcase classname="tests.DataProviderClassHome" name="searchAndAssertBookCategories" time="4.760"/>
  <system-out/>
  <testcase classname="tests.DataProviderClassHome" name="searchAndAssertBookCategories" time="4.527"/>
  <system-out/>
  <testcase classname="tests.DataProviderClassHome" name="searchAndAssertBookCategories" time="4.452"/>
  <system-out/>
  <testcase classname="tests.DataProviderClassHome" name="searchAndAssertBookCategories" time="4.511"/>
  <system-out/>
</testsuite> <!-- tests.DataProviderClassHome -->
