<?xml version="1.0" encoding="UTF-8"?>
<!-- Generated by org.testng.reporters.JUnitReportReporter -->
<testsuite hostname="5nroor063" failures="0" tests="1" name="tests.SigleAuthorTest" time="4.563" errors="0" timestamp="2024-06-09T15:09:39 MESZ" skipped="0">
  <testcase classname="tests.SigleAuthorTest" name="percentageTest" time="4.563"/>
  <system-out/>
</testsuite> <!-- tests.SigleAuthorTest -->
