<?xml version="1.0" encoding="UTF-8"?>
<!-- Generated by org.testng.reporters.JUnitReportReporter -->
<testsuite hostname="5nroor063" failures="0" tests="2" name="tests.ActionClassExample" time="4.818" errors="0" timestamp="2024-06-09T20:21:07 MESZ" skipped="0">
  <testcase classname="tests.ActionClassExample" name="hoverExample" time="3.318"/>
  <system-out/>
  <testcase classname="tests.ActionClassExample" name="dragAndDropExample" time="1.500"/>
  <system-out/>
</testsuite> <!-- tests.ActionClassExample -->
