<?xml version="1.0" encoding="UTF-8"?>
<!-- Generated by org.testng.reporters.JUnitReportReporter -->
<testsuite hostname="5nroor063" failures="0" tests="1" name="tests.JavaScriptExecutorHomework" time="16.141" errors="0" timestamp="2024-06-19T10:48:30 MESZ" skipped="0">
  <testcase classname="tests.JavaScriptExecutorHomework" name="homeworkJS" time="16.141"/>
  <system-out/>
</testsuite> <!-- tests.JavaScriptExecutorHomework -->
