<?xml version="1.0" encoding="UTF-8"?>
<!-- Generated by org.testng.reporters.JUnitReportReporter -->
<testsuite hostname="5nroor063" failures="0" tests="1" name="tests.ScrollExample" time="12.093" errors="0" timestamp="2024-06-10T20:30:24 MESZ" skipped="0">
  <testcase classname="tests.ScrollExample" name="scrollDownAndTop" time="12.093"/>
  <system-out/>
</testsuite> <!-- tests.ScrollExample -->
