<?xml version="1.0" encoding="UTF-8"?>
<!-- Generated by org.testng.reporters.JUnitReportReporter -->
<testsuite hostname="5nroor063" failures="0" tests="5" name="tests.DataProviderExample2" time="19.268" errors="0" timestamp="2024-06-19T19:06:05 MESZ" skipped="0">
  <testcase classname="tests.DataProviderExample2" name="searchAndAssertBookPicture" time="3.833"/>
  <system-out/>
  <testcase classname="tests.DataProviderExample2" name="searchAndAssertBookPicture" time="3.709"/>
  <system-out/>
  <testcase classname="tests.DataProviderExample2" name="searchAndAssertBookPicture" time="4.051"/>
  <system-out/>
  <testcase classname="tests.DataProviderExample2" name="searchAndAssertBookPicture" time="3.805"/>
  <system-out/>
  <testcase classname="tests.DataProviderExample2" name="searchAndAssertBookPicture" time="3.870"/>
  <system-out/>
</testsuite> <!-- tests.DataProviderExample2 -->
