<?xml version="1.0" encoding="UTF-8"?>
<!-- Generated by org.testng.reporters.JUnitReportReporter -->
<testsuite hostname="5nroor063" failures="0" tests="1" name="tests.StaleElementExceptionExample" time="7.555" errors="0" timestamp="2024-06-03T20:15:36 OESZ" skipped="0">
  <testcase classname="tests.StaleElementExceptionExample" name="staleExample" time="7.555"/>
  <system-out/>
</testsuite> <!-- tests.StaleElementExceptionExample -->
