<?xml version="1.0" encoding="UTF-8"?>
<!-- Generated by org.testng.reporters.JUnitReportReporter -->
<testsuite hostname="5nroor063" failures="0" tests="2" name="tests.LoginTest" time="5.184" errors="0" timestamp="2024-05-29T20:35:33 OESZ" skipped="0">
  <testcase classname="tests.LoginTest" name="validLoginTest" time="4.743"/>
  <system-out/>
  <testcase classname="tests.LoginTest" name="invalidLoginTest" time="0.441"/>
  <system-out/>
</testsuite> <!-- tests.LoginTest -->
