<?xml version="1.0" encoding="UTF-8"?>
<!-- Generated by org.testng.reporters.JUnitReportReporter -->
<testsuite hostname="5nroor063" failures="0" tests="1" name="tests.ShopNewReleasesTest" time="16.707" errors="0" timestamp="2024-06-09T15:40:11 MESZ" skipped="0">
  <testcase classname="tests.ShopNewReleasesTest" name="searchBook" time="16.707"/>
  <system-out/>
</testsuite> <!-- tests.ShopNewReleasesTest -->
