<?xml version="1.0" encoding="UTF-8"?>
<!-- Generated by org.testng.reporters.JUnitReportReporter -->
<testsuite hostname="5nroor063" failures="0" tests="1" name="tests.XpathExample2" time="3.423" errors="0" timestamp="2024-06-05T19:40:36 MESZ" skipped="0">
  <testcase classname="tests.XpathExample2" name="xpathExampleTest" time="3.423"/>
  <system-out/>
</testsuite> <!-- tests.XpathExample2 -->
